2025-10-09 20:28:19,702 __main__ INFO Bootstrapping backend components
2025-10-09 20:28:19,758 isi_control.multi_channel_ipc INFO Initialized 3 IPC channels
2025-10-09 20:28:19,758 isi_control.multi_channel_ipc INFO   • control → stdio
2025-10-09 20:28:19,758 isi_control.multi_channel_ipc INFO   • health → tcp://*:5555
2025-10-09 20:28:19,758 isi_control.multi_channel_ipc INFO   • sync → tcp://*:5558
2025-10-09 20:28:19,759 isi_control.parameter_manager INFO Loaded parameter configuration and parameter config
2025-10-09 20:28:19,759 isi_control.parameter_manager INFO ParameterManager initialized with config file: /Users/Adam/KimLabISI/apps/backend/config/isi_parameters.json
2025-10-09 20:28:19,759 isi_control.health_monitor INFO Initializing multi-channel architecture health checkers...
2025-10-09 20:28:19,759 isi_control.health_monitor INFO   • Registering camera health checker...
2025-10-09 20:28:19,759 isi_control.health_monitor INFO Registered health checker for camera
2025-10-09 20:28:19,759 isi_control.health_monitor INFO   • Registering display health checker...
2025-10-09 20:28:19,759 isi_control.health_monitor INFO Registered health checker for display
2025-10-09 20:28:19,759 isi_control.health_monitor INFO   • Registering parameter health checker...
2025-10-09 20:28:19,759 isi_control.health_monitor INFO Registered health checker for parameters
2025-10-09 20:28:19,759 isi_control.health_monitor INFO   • Registering shared memory health checker...
2025-10-09 20:28:19,759 isi_control.health_monitor INFO Registered health checker for shared_memory
2025-10-09 20:28:19,759 isi_control.health_monitor INFO   • Registering multi-channel IPC health checker...
2025-10-09 20:28:19,759 isi_control.health_monitor INFO Registered health checker for multi_channel_ipc
2025-10-09 20:28:19,759 isi_control.health_monitor INFO   • Registering realtime streaming health checker...
2025-10-09 20:28:19,759 isi_control.health_monitor INFO Registered health checker for realtime_streaming
2025-10-09 20:28:19,759 isi_control.health_monitor INFO All health checkers registered successfully
2025-10-09 20:28:19,776 isi_control.stimulus_manager INFO GPU acceleration enabled: MPS (Apple Metal)
2025-10-09 20:28:19,835 isi_control.stimulus_manager INFO Pre-computing spherical coordinates and checkerboard pattern on GPU...
2025-10-09 20:28:19,856 isi_control.stimulus_manager INFO Pre-computation complete on mps - spherical coordinates and checkerboard cached
2025-10-09 20:28:19,856 isi_control.stimulus_manager INFO Stimulus generator created successfully with valid parameters
2025-10-09 20:28:19,856 isi_control.camera_triggered_stimulus INFO CameraTriggeredStimulusController initialized
2025-10-09 20:28:20,340 isi_control.isi_analysis INFO ISI Analysis GPU Status: MPS (Apple Metal), GPU Available: True
2025-10-09 20:28:20,340 isi_control.analysis_manager INFO AnalysisManager initialized
2025-10-09 20:28:20,340 isi_control.analysis_manager INFO Created global AnalysisManager instance
2025-10-09 20:28:20,340 __main__ INFO ISI Backend initialized (dev_mode=False)
2025-10-09 20:28:20,340 __main__ INFO Starting ISI Backend in IPC mode with centralized startup coordination
2025-10-09 20:28:20,340 isi_control.startup_coordinator INFO Starting coordinated system initialization...
2025-10-09 20:28:20,341 isi_control.startup_coordinator INFO State broadcast via CONTROL: initializing
2025-10-09 20:28:20,341 isi_control.startup_coordinator INFO Initializing multi-channel IPC system...
2025-10-09 20:28:20,341 isi_control.multi_channel_ipc INFO Health monitoring interval set to 0.10s
2025-10-09 20:28:20,341 isi_control.startup_coordinator INFO ✓ Multi-channel IPC system initialized successfully
2025-10-09 20:28:20,341 isi_control.startup_coordinator INFO Waiting for frontend to establish connections...
2025-10-09 20:28:20,341 isi_control.startup_coordinator INFO Sent ZeroMQ connection details to frontend
2025-10-09 20:28:20,341 isi_control.startup_coordinator INFO State broadcast via CONTROL: waiting_frontend
2025-10-09 20:28:20,345 __main__ INFO Received IPC message: {"type":"frontend_ready"}
2025-10-09 20:28:20,346 __main__ INFO Processing command: frontend_ready
2025-10-09 20:28:20,346 __main__ INFO Frontend ready signal received
2025-10-09 20:28:20,346 __main__ INFO Command frontend_ready completed
2025-10-09 20:28:20,442 isi_control.startup_coordinator INFO Frontend connection confirmed
2025-10-09 20:28:20,442 isi_control.startup_coordinator INFO State broadcast via SYNC: ipc_ready
2025-10-09 20:28:20,442 isi_control.startup_coordinator INFO Loading parameter system...
2025-10-09 20:28:20,442 isi_control.startup_coordinator INFO Parameter system health: online
2025-10-09 20:28:20,442 isi_control.startup_coordinator INFO ✓ Parameter system loaded successfully
2025-10-09 20:28:20,442 isi_control.startup_coordinator INFO State broadcast via SYNC: parameters_loaded
2025-10-09 20:28:20,442 isi_control.startup_coordinator INFO Detecting hardware...
2025-10-09 20:28:20,442 isi_control.startup_coordinator INFO Detecting cameras...
2025-10-09 20:28:20,442 isi_control.camera_manager INFO Handling detect_cameras command
2025-10-09 20:28:20,443 isi_control.camera_manager INFO Starting camera detection...
2025-10-09 20:28:21,971 isi_control.camera_manager INFO Detected camera: FaceTime HD Camera at index 0 (1920x1080)
2025-10-09 20:28:22,010 isi_control.camera_manager INFO Camera detection complete. Found 1 working cameras
2025-10-09 20:28:22,011 isi_control.startup_coordinator INFO ✓ Found 1 camera(s)
2025-10-09 20:28:22,011 isi_control.startup_coordinator INFO Detecting displays...
2025-10-09 20:28:22,208 isi_control.display_manager INFO Auto-selected primary display: Color LCD
2025-10-09 20:28:22,209 isi_control.startup_coordinator INFO ✓ Found 1 display(s)
2025-10-09 20:28:22,209 isi_control.startup_coordinator INFO Camera parameters saved
2025-10-09 20:28:22,209 isi_control.startup_coordinator INFO ✓ Hardware detection and configuration complete
2025-10-09 20:28:22,209 isi_control.startup_coordinator INFO State broadcast via SYNC: hardware_detected
2025-10-09 20:28:22,209 isi_control.startup_coordinator INFO Validating all systems...
2025-10-09 20:28:22,209 isi_control.startup_coordinator INFO System validation - parameters: online
2025-10-09 20:28:22,209 isi_control.startup_coordinator INFO System validation - display: online
2025-10-09 20:28:22,209 isi_control.health_monitor INFO Camera health check: Using cached detection (1 camera(s))
2025-10-09 20:28:22,209 isi_control.health_monitor INFO Camera health check: 1 camera(s) available
2025-10-09 20:28:22,209 isi_control.health_monitor INFO Camera health check: Available cameras: FaceTime HD Camera
2025-10-09 20:28:22,209 isi_control.health_monitor INFO Camera health check: ✓ ONLINE
2025-10-09 20:28:22,209 isi_control.startup_coordinator INFO System validation - camera: online
2025-10-09 20:28:22,330 isi_control.shared_memory_stream INFO SharedMemoryFrameStream initialised: stimulus=/tmp/stimulus_stream_stimulus_shm, camera=/tmp/stimulus_stream_camera_shm (stimulus port 5557, camera port 5559)
2025-10-09 20:28:22,330 isi_control.startup_coordinator INFO System validation - shared_memory: online
2025-10-09 20:28:22,330 isi_control.startup_coordinator INFO System validation - multi_channel_ipc: online
2025-10-09 20:28:22,330 isi_control.startup_coordinator INFO System validation - realtime_streaming: online
2025-10-09 20:28:22,330 isi_control.startup_coordinator INFO ✓ Stimulus generator validated: StimulusGenerator
2025-10-09 20:28:22,330 isi_control.startup_coordinator INFO ✓ All systems validated successfully
2025-10-09 20:28:22,331 isi_control.startup_coordinator INFO State broadcast via SYNC: systems_validated
2025-10-09 20:28:22,331 isi_control.startup_coordinator INFO System initialization complete - All systems operational
2025-10-09 20:28:22,331 isi_control.startup_coordinator INFO State broadcast via SYNC: ready
2025-10-09 20:28:22,331 __main__ INFO Centralized startup completed successfully - system ready
2025-10-09 20:28:22,334 __main__ INFO Received IPC message: {"type":"get_camera_capabilities","camera_name":"FaceTime HD Camera","messageId":"msg_1"}
2025-10-09 20:28:22,335 __main__ INFO Processing command: get_camera_capabilities
2025-10-09 20:28:22,335 __main__ INFO Command get_camera_capabilities completed
2025-10-09 20:28:22,335 __main__ INFO Received IPC message: {"type":"get_display_capabilities","display_id":"display_1","messageId":"msg_2"}
2025-10-09 20:28:22,335 __main__ INFO Processing command: get_display_capabilities
2025-10-09 20:28:22,349 __main__ INFO Starting background health monitoring (startup complete)
2025-10-09 20:28:22,464 isi_control.stimulus_manager INFO Initial stimulus frame rendered
2025-10-09 20:28:22,533 __main__ INFO Command get_display_capabilities completed
2025-10-09 20:28:22,533 __main__ INFO Received IPC message: {"type":"get_stimulus_frame","direction":"LR","frame_index":0,"show_bar_mask":false,"messageId":"msg_3"}
2025-10-09 20:28:22,533 __main__ INFO Processing command: get_stimulus_frame
2025-10-09 20:28:22,539 __main__ INFO Command get_stimulus_frame completed
2025-10-09 20:28:22,539 __main__ INFO Received IPC message: {"type":"get_stimulus_frame","direction":"LR","frame_index":0,"show_bar_mask":false,"messageId":"msg_4"}
2025-10-09 20:28:22,539 __main__ INFO Processing command: get_stimulus_frame
2025-10-09 20:28:22,545 __main__ INFO Command get_stimulus_frame completed
2025-10-09 20:28:22,561 __main__ INFO Received IPC message: {"type":"display_timestamp","frame_id":2,"display_timestamp_us":5937300,"messageId":"msg_5"}
2025-10-09 20:28:22,561 __main__ INFO Processing command: display_timestamp
2025-10-09 20:28:22,561 isi_control.stimulus_manager WARNING Display timestamp seems incorrect: 1760066896624.3ms difference from current time. Verify frontend is sending hardware vsync timestamps, not software timestamps.
2025-10-09 20:28:22,561 __main__ INFO Command display_timestamp completed
2025-10-09 20:28:22,570 __main__ INFO Received IPC message: {"type":"display_timestamp","frame_id":3,"display_timestamp_us":5952700,"messageId":"msg_6"}
2025-10-09 20:28:22,570 __main__ INFO Processing command: display_timestamp
2025-10-09 20:28:22,570 isi_control.stimulus_manager WARNING Display timestamp seems incorrect: 1760066896618.0ms difference from current time. Verify frontend is sending hardware vsync timestamps, not software timestamps.
2025-10-09 20:28:22,570 __main__ INFO Command display_timestamp completed
2025-10-09 20:28:26,893 __main__ INFO Received IPC message: {"type":"list_sessions","messageId":"msg_7"}
2025-10-09 20:28:26,893 __main__ INFO Processing command: list_sessions
2025-10-09 20:28:26,893 isi_control.acquisition_state INFO State transition: idle → playback
2025-10-09 20:28:26,894 isi_control.acquisition_mode_controllers INFO Looking for sessions in: /Users/Adam/KimLabISI/apps/backend/data/sessions
2025-10-09 20:28:26,894 __main__ INFO Command list_sessions completed
2025-10-09 20:28:27,469 isi_control.health_monitor INFO Camera health check: Using cached detection (1 camera(s))
2025-10-09 20:28:27,469 isi_control.health_monitor INFO Camera health check: 1 camera(s) available
2025-10-09 20:28:27,469 isi_control.health_monitor INFO Camera health check: Available cameras: FaceTime HD Camera
2025-10-09 20:28:27,469 isi_control.health_monitor INFO Camera health check: ✓ ONLINE
2025-10-09 20:28:29,625 __main__ INFO Received IPC message: {"type":"start_analysis","session_path":"/Users/Adam/KimLabISI/apps/backend/data/sessions/names n stuff","messageId":"msg_8"}
2025-10-09 20:28:29,626 __main__ INFO Processing command: start_analysis
2025-10-09 20:28:29,626 isi_control.analysis_manager INFO Starting analysis for session: /Users/Adam/KimLabISI/apps/backend/data/sessions/names n stuff
2025-10-09 20:28:29,626 __main__ INFO Command start_analysis completed
2025-10-09 20:28:29,626 isi_control.analysis_manager INFO Analysis started message sent
2025-10-09 20:28:29,627 isi_control.isi_analysis INFO ✓ GPU acceleration enabled: MPS (Apple Metal)
2025-10-09 20:28:29,627 isi_control.analysis_manager INFO ISIAnalysis instance created with parameters: {'ring_size_mm': 1.0, 'vfs_threshold_sd': 2.0, 'smoothing_sigma': 1.0, 'magnitude_threshold': 0.1, 'phase_filter_sigma': 0.5, 'gradient_window_size': 3, 'area_min_size_mm2': 0.1, 'response_threshold_percent': 5.0}
2025-10-09 20:28:32,475 isi_control.health_monitor INFO Camera health check: Using cached detection (1 camera(s))
2025-10-09 20:28:32,476 isi_control.health_monitor INFO Camera health check: 1 camera(s) available
2025-10-09 20:28:32,476 isi_control.health_monitor INFO Camera health check: Available cameras: FaceTime HD Camera
2025-10-09 20:28:32,476 isi_control.health_monitor INFO Camera health check: ✓ ONLINE
2025-10-09 20:28:37,481 isi_control.health_monitor INFO Camera health check: Using cached detection (1 camera(s))
2025-10-09 20:28:37,481 isi_control.health_monitor INFO Camera health check: 1 camera(s) available
2025-10-09 20:28:37,481 isi_control.health_monitor INFO Camera health check: Available cameras: FaceTime HD Camera
2025-10-09 20:28:37,481 isi_control.health_monitor INFO Camera health check: ✓ ONLINE
2025-10-09 20:28:42,487 isi_control.health_monitor INFO Camera health check: Using cached detection (1 camera(s))
2025-10-09 20:28:42,487 isi_control.health_monitor INFO Camera health check: 1 camera(s) available
2025-10-09 20:28:42,487 isi_control.health_monitor INFO Camera health check: Available cameras: FaceTime HD Camera
2025-10-09 20:28:42,487 isi_control.health_monitor INFO Camera health check: ✓ ONLINE
2025-10-09 20:28:42,865 isi_control.analysis_manager INFO Session data loaded successfully
2025-10-09 20:28:42,865 isi_control.analysis_manager INFO Processing 4 directions: ['LR', 'RL', 'TB', 'BT']
2025-10-09 20:28:42,865 isi_control.analysis_manager INFO Running complete analysis pipeline
2025-10-09 20:28:47,492 isi_control.health_monitor INFO Camera health check: Using cached detection (1 camera(s))
2025-10-09 20:28:47,492 isi_control.health_monitor INFO Camera health check: 1 camera(s) available
2025-10-09 20:28:47,492 isi_control.health_monitor INFO Camera health check: Available cameras: FaceTime HD Camera
2025-10-09 20:28:47,492 isi_control.health_monitor INFO Camera health check: ✓ ONLINE
2025-10-09 20:28:52,495 isi_control.health_monitor INFO Camera health check: Starting camera detection...
2025-10-09 20:28:52,495 isi_control.health_monitor INFO Camera health check: Found 1 total camera(s)
2025-10-09 20:28:52,495 isi_control.health_monitor INFO Camera health check: 1 camera(s) available
2025-10-09 20:28:52,495 isi_control.health_monitor INFO Camera health check: Available cameras: FaceTime HD Camera
2025-10-09 20:28:52,495 isi_control.health_monitor INFO Camera health check: ✓ ONLINE
2025-10-09 20:28:56,082 isi_control.isi_analysis INFO       Computing FFT for 2,073,600 pixels on MPS (Apple Metal)...
2025-10-09 20:28:56,156 isi_control.isi_analysis INFO       Extracting phase/magnitude at frequency index 1
2025-10-09 20:28:56,255 isi_control.isi_analysis INFO     Phase maps computed (GPU-accelerated on MPS (Apple Metal))
2025-10-09 20:28:56,323 isi_control.isi_analysis INFO       Computing FFT for 2,073,600 pixels on MPS (Apple Metal)...
2025-10-09 20:28:56,346 isi_control.isi_analysis INFO       Extracting phase/magnitude at frequency index 1
2025-10-09 20:28:56,364 isi_control.isi_analysis INFO     Phase maps computed (GPU-accelerated on MPS (Apple Metal))
2025-10-09 20:28:56,418 isi_control.isi_analysis INFO       Computing FFT for 2,073,600 pixels on MPS (Apple Metal)...
2025-10-09 20:28:56,442 isi_control.isi_analysis INFO       Extracting phase/magnitude at frequency index 1
2025-10-09 20:28:57,327 isi_control.isi_analysis INFO     Phase maps computed (GPU-accelerated on MPS (Apple Metal))
2025-10-09 20:28:57,496 isi_control.health_monitor INFO Camera health check: Starting camera detection...
2025-10-09 20:28:57,496 isi_control.health_monitor INFO Camera health check: Found 1 total camera(s)
2025-10-09 20:28:57,497 isi_control.health_monitor INFO Camera health check: 1 camera(s) available
2025-10-09 20:28:57,497 isi_control.health_monitor INFO Camera health check: Available cameras: FaceTime HD Camera
2025-10-09 20:28:57,497 isi_control.health_monitor INFO Camera health check: ✓ ONLINE
2025-10-09 20:28:57,511 isi_control.isi_analysis INFO       Computing FFT for 2,073,600 pixels on MPS (Apple Metal)...
2025-10-09 20:28:57,541 isi_control.isi_analysis INFO       Extracting phase/magnitude at frequency index 1
2025-10-09 20:28:57,837 isi_control.isi_analysis INFO     Phase maps computed (GPU-accelerated on MPS (Apple Metal))
2025-10-09 20:28:57,843 isi_control.isi_analysis INFO       Unwrapping phases on MPS (Apple Metal)...
2025-10-09 20:28:58,055 isi_control.analysis_manager ERROR Analysis failed: name 'Any' is not defined
Traceback (most recent call last):
  File "/Users/Adam/KimLabISI/apps/backend/src/isi_control/analysis_manager.py", line 338, in _run_analysis
    results = analyzer.analyze_session(session_path)
  File "/Users/Adam/KimLabISI/apps/backend/src/isi_control/isi_analysis.py", line 670, in analyze_session
    self.layer_callback('azimuth_map', azimuth_map)
  File "/Users/Adam/KimLabISI/apps/backend/src/isi_control/analysis_manager.py", line 201, in layer_ready_callback
    from .analysis_image_renderer import render_signal_map
  File "/Users/Adam/KimLabISI/apps/backend/src/isi_control/analysis_image_renderer.py", line 348, in <module>
    layer_config: Dict[str, Any]
NameError: name 'Any' is not defined
2025-10-09 20:28:58,061 isi_control.analysis_manager INFO Analysis thread finished
2025-10-09 20:29:02,500 isi_control.health_monitor INFO Camera health check: Starting camera detection...
2025-10-09 20:29:02,500 isi_control.health_monitor INFO Camera health check: Found 1 total camera(s)
2025-10-09 20:29:02,500 isi_control.health_monitor INFO Camera health check: 1 camera(s) available
2025-10-09 20:29:02,500 isi_control.health_monitor INFO Camera health check: Available cameras: FaceTime HD Camera
2025-10-09 20:29:02,500 isi_control.health_monitor INFO Camera health check: ✓ ONLINE
2025-10-09 20:29:06,738 __main__ INFO Received signal 2 - shutting down...
2025-10-09 20:29:06,739 __main__ INFO Received signal 15 - shutting down...
2025-10-09 20:29:06,851 __main__ INFO Shutting down ISI Backend...
2025-10-09 20:29:06,859 isi_control.shared_memory_stream INFO SharedMemoryFrameStream cleaned up (stimulus and camera buffers)
2025-10-09 20:29:07,504 __main__ INFO Backend shutdown complete
2025-10-09 20:39:44,166 __main__ INFO Bootstrapping backend components
2025-10-09 20:39:44,224 isi_control.multi_channel_ipc INFO Initialized 3 IPC channels
2025-10-09 20:39:44,224 isi_control.multi_channel_ipc INFO   • control → stdio
2025-10-09 20:39:44,224 isi_control.multi_channel_ipc INFO   • health → tcp://*:5555
2025-10-09 20:39:44,224 isi_control.multi_channel_ipc INFO   • sync → tcp://*:5558
2025-10-09 20:39:44,225 isi_control.parameter_manager INFO Loaded parameter configuration and parameter config
2025-10-09 20:39:44,225 isi_control.parameter_manager INFO ParameterManager initialized with config file: /Users/Adam/KimLabISI/apps/backend/config/isi_parameters.json
2025-10-09 20:39:44,225 isi_control.health_monitor INFO Initializing multi-channel architecture health checkers...
2025-10-09 20:39:44,225 isi_control.health_monitor INFO   • Registering camera health checker...
2025-10-09 20:39:44,225 isi_control.health_monitor INFO Registered health checker for camera
2025-10-09 20:39:44,225 isi_control.health_monitor INFO   • Registering display health checker...
2025-10-09 20:39:44,225 isi_control.health_monitor INFO Registered health checker for display
2025-10-09 20:39:44,225 isi_control.health_monitor INFO   • Registering parameter health checker...
2025-10-09 20:39:44,225 isi_control.health_monitor INFO Registered health checker for parameters
2025-10-09 20:39:44,225 isi_control.health_monitor INFO   • Registering shared memory health checker...
2025-10-09 20:39:44,225 isi_control.health_monitor INFO Registered health checker for shared_memory
2025-10-09 20:39:44,225 isi_control.health_monitor INFO   • Registering multi-channel IPC health checker...
2025-10-09 20:39:44,225 isi_control.health_monitor INFO Registered health checker for multi_channel_ipc
2025-10-09 20:39:44,225 isi_control.health_monitor INFO   • Registering realtime streaming health checker...
2025-10-09 20:39:44,225 isi_control.health_monitor INFO Registered health checker for realtime_streaming
2025-10-09 20:39:44,225 isi_control.health_monitor INFO All health checkers registered successfully
2025-10-09 20:39:44,244 isi_control.stimulus_manager INFO GPU acceleration enabled: MPS (Apple Metal)
2025-10-09 20:39:44,313 isi_control.stimulus_manager INFO Pre-computing spherical coordinates and checkerboard pattern on GPU...
2025-10-09 20:39:44,335 isi_control.stimulus_manager INFO Pre-computation complete on mps - spherical coordinates and checkerboard cached
2025-10-09 20:39:44,336 isi_control.stimulus_manager INFO Stimulus generator created successfully with valid parameters
2025-10-09 20:39:44,336 isi_control.camera_triggered_stimulus INFO CameraTriggeredStimulusController initialized
2025-10-09 20:39:44,668 isi_control.isi_analysis INFO ISI Analysis GPU Status: MPS (Apple Metal), GPU Available: True
2025-10-09 20:39:44,669 isi_control.analysis_manager INFO AnalysisManager initialized
2025-10-09 20:39:44,669 isi_control.analysis_manager INFO Created global AnalysisManager instance
2025-10-09 20:39:44,669 __main__ INFO ISI Backend initialized (dev_mode=False)
2025-10-09 20:39:44,669 __main__ INFO Starting ISI Backend in IPC mode with centralized startup coordination
2025-10-09 20:39:44,669 isi_control.startup_coordinator INFO Starting coordinated system initialization...
2025-10-09 20:39:44,670 isi_control.startup_coordinator INFO State broadcast via CONTROL: initializing
2025-10-09 20:39:44,671 isi_control.startup_coordinator INFO Initializing multi-channel IPC system...
2025-10-09 20:39:44,671 isi_control.multi_channel_ipc INFO Health monitoring interval set to 0.10s
2025-10-09 20:39:44,671 isi_control.startup_coordinator INFO ✓ Multi-channel IPC system initialized successfully
2025-10-09 20:39:44,671 isi_control.startup_coordinator INFO Waiting for frontend to establish connections...
2025-10-09 20:39:44,671 isi_control.startup_coordinator INFO Sent ZeroMQ connection details to frontend
2025-10-09 20:39:44,671 isi_control.startup_coordinator INFO State broadcast via CONTROL: waiting_frontend
2025-10-09 20:39:44,673 __main__ INFO Received IPC message: {"type":"frontend_ready"}
2025-10-09 20:39:44,673 __main__ INFO Processing command: frontend_ready
2025-10-09 20:39:44,673 __main__ INFO Frontend ready signal received
2025-10-09 20:39:44,673 __main__ INFO Command frontend_ready completed
2025-10-09 20:39:44,772 isi_control.startup_coordinator INFO Frontend connection confirmed
2025-10-09 20:39:44,772 isi_control.startup_coordinator INFO State broadcast via SYNC: ipc_ready
2025-10-09 20:39:44,772 isi_control.startup_coordinator INFO Loading parameter system...
2025-10-09 20:39:44,772 isi_control.startup_coordinator INFO Parameter system health: online
2025-10-09 20:39:44,772 isi_control.startup_coordinator INFO ✓ Parameter system loaded successfully
2025-10-09 20:39:44,772 isi_control.startup_coordinator INFO State broadcast via SYNC: parameters_loaded
2025-10-09 20:39:44,772 isi_control.startup_coordinator INFO Detecting hardware...
2025-10-09 20:39:44,772 isi_control.startup_coordinator INFO Detecting cameras...
2025-10-09 20:39:44,772 isi_control.camera_manager INFO Handling detect_cameras command
2025-10-09 20:39:44,772 isi_control.camera_manager INFO Starting camera detection...
2025-10-09 20:39:46,405 isi_control.camera_manager INFO Detected camera: FaceTime HD Camera at index 0 (1920x1080)
2025-10-09 20:39:46,433 isi_control.camera_manager INFO Camera detection complete. Found 1 working cameras
2025-10-09 20:39:46,433 isi_control.startup_coordinator INFO ✓ Found 1 camera(s)
2025-10-09 20:39:46,433 isi_control.startup_coordinator INFO Detecting displays...
2025-10-09 20:39:46,638 isi_control.display_manager INFO Auto-selected primary display: Color LCD
2025-10-09 20:39:46,638 isi_control.startup_coordinator INFO ✓ Found 1 display(s)
2025-10-09 20:39:46,638 isi_control.startup_coordinator INFO Camera parameters saved
2025-10-09 20:39:46,638 isi_control.startup_coordinator INFO ✓ Hardware detection and configuration complete
2025-10-09 20:39:46,638 isi_control.startup_coordinator INFO State broadcast via SYNC: hardware_detected
2025-10-09 20:39:46,638 isi_control.startup_coordinator INFO Validating all systems...
2025-10-09 20:39:46,639 isi_control.startup_coordinator INFO System validation - parameters: online
2025-10-09 20:39:46,639 isi_control.startup_coordinator INFO System validation - display: online
2025-10-09 20:39:46,639 isi_control.health_monitor INFO Camera health check: Using cached detection (1 camera(s))
2025-10-09 20:39:46,639 isi_control.health_monitor INFO Camera health check: 1 camera(s) available
2025-10-09 20:39:46,639 isi_control.health_monitor INFO Camera health check: Available cameras: FaceTime HD Camera
2025-10-09 20:39:46,639 isi_control.health_monitor INFO Camera health check: ✓ ONLINE
2025-10-09 20:39:46,639 isi_control.startup_coordinator INFO System validation - camera: online
2025-10-09 20:39:46,757 isi_control.shared_memory_stream INFO SharedMemoryFrameStream initialised: stimulus=/tmp/stimulus_stream_stimulus_shm, camera=/tmp/stimulus_stream_camera_shm (stimulus port 5557, camera port 5559)
2025-10-09 20:39:46,757 isi_control.startup_coordinator INFO System validation - shared_memory: online
2025-10-09 20:39:46,757 isi_control.startup_coordinator INFO System validation - multi_channel_ipc: online
2025-10-09 20:39:46,757 isi_control.startup_coordinator INFO System validation - realtime_streaming: online
2025-10-09 20:39:46,757 isi_control.startup_coordinator INFO ✓ Stimulus generator validated: StimulusGenerator
2025-10-09 20:39:46,757 isi_control.startup_coordinator INFO ✓ All systems validated successfully
2025-10-09 20:39:46,757 isi_control.startup_coordinator INFO State broadcast via SYNC: systems_validated
2025-10-09 20:39:46,757 isi_control.startup_coordinator INFO System initialization complete - All systems operational
2025-10-09 20:39:46,757 isi_control.startup_coordinator INFO State broadcast via SYNC: ready
2025-10-09 20:39:46,757 __main__ INFO Centralized startup completed successfully - system ready
2025-10-09 20:39:46,761 __main__ INFO Received IPC message: {"type":"get_camera_capabilities","camera_name":"FaceTime HD Camera","messageId":"msg_1"}
2025-10-09 20:39:46,761 __main__ INFO Processing command: get_camera_capabilities
2025-10-09 20:39:46,761 __main__ INFO Command get_camera_capabilities completed
2025-10-09 20:39:46,761 __main__ INFO Received IPC message: {"type":"get_display_capabilities","display_id":"display_1","messageId":"msg_2"}
2025-10-09 20:39:46,761 __main__ INFO Processing command: get_display_capabilities
2025-10-09 20:39:46,957 __main__ INFO Command get_display_capabilities completed
2025-10-09 20:39:46,957 __main__ INFO Received IPC message: {"type":"get_stimulus_frame","direction":"LR","frame_index":0,"show_bar_mask":false,"messageId":"msg_3"}
2025-10-09 20:39:46,957 __main__ INFO Processing command: get_stimulus_frame
2025-10-09 20:39:47,107 __main__ INFO Command get_stimulus_frame completed
2025-10-09 20:39:47,123 __main__ INFO Received IPC message: {"type":"get_stimulus_frame","direction":"LR","frame_index":0,"show_bar_mask":false,"messageId":"msg_4"}
2025-10-09 20:39:47,123 __main__ INFO Processing command: get_stimulus_frame
2025-10-09 20:39:47,129 __main__ INFO Command get_stimulus_frame completed
2025-10-09 20:39:47,151 __main__ INFO Received IPC message: {"type":"display_timestamp","frame_id":2,"display_timestamp_us":5338200,"messageId":"msg_5"}
2025-10-09 20:39:47,151 __main__ INFO Processing command: display_timestamp
2025-10-09 20:39:47,151 isi_control.stimulus_manager WARNING Display timestamp seems incorrect: 1760067581813.3ms difference from current time. Verify frontend is sending hardware vsync timestamps, not software timestamps.
2025-10-09 20:39:47,151 __main__ INFO Command display_timestamp completed
2025-10-09 20:39:47,678 __main__ INFO Starting background health monitoring (startup complete)
2025-10-09 20:39:47,707 isi_control.stimulus_manager INFO Initial stimulus frame rendered
2025-10-09 20:39:47,729 __main__ INFO Received IPC message: {"type":"display_timestamp","frame_id":3,"display_timestamp_us":5916600,"messageId":"msg_6"}
2025-10-09 20:39:47,729 __main__ INFO Processing command: display_timestamp
2025-10-09 20:39:47,729 isi_control.stimulus_manager WARNING Display timestamp seems incorrect: 1760067581813.0ms difference from current time. Verify frontend is sending hardware vsync timestamps, not software timestamps.
2025-10-09 20:39:47,729 __main__ INFO Command display_timestamp completed
2025-10-09 20:39:52,712 isi_control.health_monitor INFO Camera health check: Using cached detection (1 camera(s))
2025-10-09 20:39:52,712 isi_control.health_monitor INFO Camera health check: 1 camera(s) available
2025-10-09 20:39:52,712 isi_control.health_monitor INFO Camera health check: Available cameras: FaceTime HD Camera
2025-10-09 20:39:52,712 isi_control.health_monitor INFO Camera health check: ✓ ONLINE
2025-10-09 20:39:57,718 isi_control.health_monitor INFO Camera health check: Using cached detection (1 camera(s))
2025-10-09 20:39:57,718 isi_control.health_monitor INFO Camera health check: 1 camera(s) available
2025-10-09 20:39:57,718 isi_control.health_monitor INFO Camera health check: Available cameras: FaceTime HD Camera
2025-10-09 20:39:57,718 isi_control.health_monitor INFO Camera health check: ✓ ONLINE
2025-10-09 20:40:02,724 isi_control.health_monitor INFO Camera health check: Using cached detection (1 camera(s))
2025-10-09 20:40:02,724 isi_control.health_monitor INFO Camera health check: 1 camera(s) available
2025-10-09 20:40:02,724 isi_control.health_monitor INFO Camera health check: Available cameras: FaceTime HD Camera
2025-10-09 20:40:02,724 isi_control.health_monitor INFO Camera health check: ✓ ONLINE
2025-10-09 20:40:07,730 isi_control.health_monitor INFO Camera health check: Using cached detection (1 camera(s))
2025-10-09 20:40:07,730 isi_control.health_monitor INFO Camera health check: 1 camera(s) available
2025-10-09 20:40:07,730 isi_control.health_monitor INFO Camera health check: Available cameras: FaceTime HD Camera
2025-10-09 20:40:07,730 isi_control.health_monitor INFO Camera health check: ✓ ONLINE
2025-10-09 20:40:12,733 isi_control.health_monitor INFO Camera health check: Using cached detection (1 camera(s))
2025-10-09 20:40:12,734 isi_control.health_monitor INFO Camera health check: 1 camera(s) available
2025-10-09 20:40:12,734 isi_control.health_monitor INFO Camera health check: Available cameras: FaceTime HD Camera
2025-10-09 20:40:12,734 isi_control.health_monitor INFO Camera health check: ✓ ONLINE
2025-10-09 20:40:17,737 isi_control.health_monitor INFO Camera health check: Starting camera detection...
2025-10-09 20:40:17,737 isi_control.health_monitor INFO Camera health check: Found 1 total camera(s)
2025-10-09 20:40:17,737 isi_control.health_monitor INFO Camera health check: 1 camera(s) available
2025-10-09 20:40:17,737 isi_control.health_monitor INFO Camera health check: Available cameras: FaceTime HD Camera
2025-10-09 20:40:17,737 isi_control.health_monitor INFO Camera health check: ✓ ONLINE
2025-10-09 20:40:22,743 isi_control.health_monitor INFO Camera health check: Starting camera detection...
2025-10-09 20:40:22,744 isi_control.health_monitor INFO Camera health check: Found 1 total camera(s)
2025-10-09 20:40:22,744 isi_control.health_monitor INFO Camera health check: 1 camera(s) available
2025-10-09 20:40:22,744 isi_control.health_monitor INFO Camera health check: Available cameras: FaceTime HD Camera
2025-10-09 20:40:22,744 isi_control.health_monitor INFO Camera health check: ✓ ONLINE
2025-10-09 20:40:27,751 isi_control.health_monitor INFO Camera health check: Starting camera detection...
2025-10-09 20:40:27,752 isi_control.health_monitor INFO Camera health check: Found 1 total camera(s)
2025-10-09 20:40:27,752 isi_control.health_monitor INFO Camera health check: 1 camera(s) available
2025-10-09 20:40:27,752 isi_control.health_monitor INFO Camera health check: Available cameras: FaceTime HD Camera
2025-10-09 20:40:27,752 isi_control.health_monitor INFO Camera health check: ✓ ONLINE
2025-10-09 20:40:32,756 isi_control.health_monitor INFO Camera health check: Starting camera detection...
2025-10-09 20:40:32,756 isi_control.health_monitor INFO Camera health check: Found 1 total camera(s)
2025-10-09 20:40:32,756 isi_control.health_monitor INFO Camera health check: 1 camera(s) available
2025-10-09 20:40:32,756 isi_control.health_monitor INFO Camera health check: Available cameras: FaceTime HD Camera
2025-10-09 20:40:32,756 isi_control.health_monitor INFO Camera health check: ✓ ONLINE
2025-10-09 20:40:37,758 isi_control.health_monitor INFO Camera health check: Starting camera detection...
2025-10-09 20:40:37,758 isi_control.health_monitor INFO Camera health check: Found 1 total camera(s)
2025-10-09 20:40:37,758 isi_control.health_monitor INFO Camera health check: 1 camera(s) available
2025-10-09 20:40:37,758 isi_control.health_monitor INFO Camera health check: Available cameras: FaceTime HD Camera
2025-10-09 20:40:37,758 isi_control.health_monitor INFO Camera health check: ✓ ONLINE
2025-10-09 20:40:38,813 __main__ INFO Received IPC message: {"type":"list_sessions","messageId":"msg_7"}
2025-10-09 20:40:38,814 __main__ INFO Processing command: list_sessions
2025-10-09 20:40:38,814 isi_control.acquisition_state INFO State transition: idle → playback
2025-10-09 20:40:38,814 isi_control.acquisition_mode_controllers INFO Looking for sessions in: /Users/Adam/KimLabISI/apps/backend/data/sessions
2025-10-09 20:40:38,815 __main__ INFO Command list_sessions completed
2025-10-09 20:40:41,093 __main__ INFO Received IPC message: {"type":"start_analysis","session_path":"/Users/Adam/KimLabISI/apps/backend/data/sessions/names n stuff","messageId":"msg_8"}
2025-10-09 20:40:41,094 __main__ INFO Processing command: start_analysis
2025-10-09 20:40:41,094 isi_control.analysis_manager INFO Starting analysis for session: /Users/Adam/KimLabISI/apps/backend/data/sessions/names n stuff
2025-10-09 20:40:41,094 __main__ INFO Command start_analysis completed
2025-10-09 20:40:41,094 isi_control.analysis_manager INFO Analysis started message sent
2025-10-09 20:40:41,095 isi_control.isi_analysis INFO ✓ GPU acceleration enabled: MPS (Apple Metal)
2025-10-09 20:40:41,095 isi_control.analysis_manager INFO ISIAnalysis instance created with parameters: {'ring_size_mm': 1.0, 'vfs_threshold_sd': 2.0, 'smoothing_sigma': 1.0, 'magnitude_threshold': 0.1, 'phase_filter_sigma': 0.5, 'gradient_window_size': 3, 'area_min_size_mm2': 0.1, 'response_threshold_percent': 5.0}
2025-10-09 20:40:42,762 isi_control.health_monitor INFO Camera health check: Starting camera detection...
2025-10-09 20:40:42,762 isi_control.health_monitor INFO Camera health check: Found 1 total camera(s)
2025-10-09 20:40:42,762 isi_control.health_monitor INFO Camera health check: 1 camera(s) available
2025-10-09 20:40:42,762 isi_control.health_monitor INFO Camera health check: Available cameras: FaceTime HD Camera
2025-10-09 20:40:42,762 isi_control.health_monitor INFO Camera health check: ✓ ONLINE
2025-10-09 20:40:47,766 isi_control.health_monitor INFO Camera health check: Starting camera detection...
2025-10-09 20:40:47,766 isi_control.health_monitor INFO Camera health check: Found 1 total camera(s)
2025-10-09 20:40:47,766 isi_control.health_monitor INFO Camera health check: 1 camera(s) available
2025-10-09 20:40:47,766 isi_control.health_monitor INFO Camera health check: Available cameras: FaceTime HD Camera
2025-10-09 20:40:47,766 isi_control.health_monitor INFO Camera health check: ✓ ONLINE
2025-10-09 20:40:52,771 isi_control.health_monitor INFO Camera health check: Starting camera detection...
2025-10-09 20:40:52,771 isi_control.health_monitor INFO Camera health check: Found 1 total camera(s)
2025-10-09 20:40:52,772 isi_control.health_monitor INFO Camera health check: 1 camera(s) available
2025-10-09 20:40:52,772 isi_control.health_monitor INFO Camera health check: Available cameras: FaceTime HD Camera
2025-10-09 20:40:52,772 isi_control.health_monitor INFO Camera health check: ✓ ONLINE
2025-10-09 20:40:54,672 isi_control.analysis_manager INFO Session data loaded successfully
2025-10-09 20:40:54,672 isi_control.analysis_manager INFO Processing 4 directions: ['LR', 'RL', 'TB', 'BT']
2025-10-09 20:40:54,672 isi_control.analysis_manager INFO Running complete analysis pipeline
2025-10-09 20:40:57,777 isi_control.health_monitor INFO Camera health check: Starting camera detection...
2025-10-09 20:40:57,777 isi_control.health_monitor INFO Camera health check: Found 1 total camera(s)
2025-10-09 20:40:57,777 isi_control.health_monitor INFO Camera health check: 1 camera(s) available
2025-10-09 20:40:57,777 isi_control.health_monitor INFO Camera health check: Available cameras: FaceTime HD Camera
2025-10-09 20:40:57,777 isi_control.health_monitor INFO Camera health check: ✓ ONLINE
2025-10-09 20:41:02,782 isi_control.health_monitor INFO Camera health check: Starting camera detection...
2025-10-09 20:41:02,783 isi_control.health_monitor INFO Camera health check: Found 1 total camera(s)
2025-10-09 20:41:02,783 isi_control.health_monitor INFO Camera health check: 1 camera(s) available
2025-10-09 20:41:02,783 isi_control.health_monitor INFO Camera health check: Available cameras: FaceTime HD Camera
2025-10-09 20:41:02,783 isi_control.health_monitor INFO Camera health check: ✓ ONLINE
2025-10-09 20:41:07,750 isi_control.isi_analysis INFO       Computing FFT for 2,073,600 pixels on MPS (Apple Metal)...
2025-10-09 20:41:07,788 isi_control.health_monitor INFO Camera health check: Starting camera detection...
2025-10-09 20:41:07,788 isi_control.health_monitor INFO Camera health check: Found 1 total camera(s)
2025-10-09 20:41:07,788 isi_control.health_monitor INFO Camera health check: 1 camera(s) available
2025-10-09 20:41:07,788 isi_control.health_monitor INFO Camera health check: Available cameras: FaceTime HD Camera
2025-10-09 20:41:07,788 isi_control.health_monitor INFO Camera health check: ✓ ONLINE
2025-10-09 20:41:07,821 isi_control.isi_analysis INFO       Extracting phase/magnitude at frequency index 1
2025-10-09 20:41:07,943 isi_control.isi_analysis INFO     Phase maps computed (GPU-accelerated on MPS (Apple Metal))
2025-10-09 20:41:08,026 isi_control.isi_analysis INFO       Computing FFT for 2,073,600 pixels on MPS (Apple Metal)...
2025-10-09 20:41:08,047 isi_control.isi_analysis INFO       Extracting phase/magnitude at frequency index 1
2025-10-09 20:41:08,064 isi_control.isi_analysis INFO     Phase maps computed (GPU-accelerated on MPS (Apple Metal))
2025-10-09 20:41:08,120 isi_control.isi_analysis INFO       Computing FFT for 2,073,600 pixels on MPS (Apple Metal)...
2025-10-09 20:41:08,146 isi_control.isi_analysis INFO       Extracting phase/magnitude at frequency index 1
2025-10-09 20:41:08,862 isi_control.isi_analysis INFO     Phase maps computed (GPU-accelerated on MPS (Apple Metal))
2025-10-09 20:41:09,196 isi_control.isi_analysis INFO       Computing FFT for 2,073,600 pixels on MPS (Apple Metal)...
2025-10-09 20:41:09,259 isi_control.isi_analysis INFO       Extracting phase/magnitude at frequency index 1
2025-10-09 20:41:09,584 isi_control.isi_analysis INFO     Phase maps computed (GPU-accelerated on MPS (Apple Metal))
2025-10-09 20:41:09,592 isi_control.isi_analysis INFO       Unwrapping phases on MPS (Apple Metal)...
2025-10-09 20:41:09,654 isi_control.analysis_manager ERROR Analysis failed: name 'Any' is not defined
Traceback (most recent call last):
  File "/Users/Adam/KimLabISI/apps/backend/src/isi_control/analysis_manager.py", line 338, in _run_analysis
    results = analyzer.analyze_session(session_path)
  File "/Users/Adam/KimLabISI/apps/backend/src/isi_control/isi_analysis.py", line 670, in analyze_session
    self.layer_callback('azimuth_map', azimuth_map)
  File "/Users/Adam/KimLabISI/apps/backend/src/isi_control/analysis_manager.py", line 201, in layer_ready_callback
    from .analysis_image_renderer import render_signal_map
  File "/Users/Adam/KimLabISI/apps/backend/src/isi_control/analysis_image_renderer.py", line 348, in <module>
    layer_config: Dict[str, Any]
NameError: name 'Any' is not defined
2025-10-09 20:41:09,660 isi_control.analysis_manager INFO Analysis thread finished
2025-10-09 20:41:12,794 isi_control.health_monitor INFO Camera health check: Starting camera detection...
2025-10-09 20:41:12,794 isi_control.health_monitor INFO Camera health check: Found 1 total camera(s)
2025-10-09 20:41:12,794 isi_control.health_monitor INFO Camera health check: 1 camera(s) available
2025-10-09 20:41:12,794 isi_control.health_monitor INFO Camera health check: Available cameras: FaceTime HD Camera
2025-10-09 20:41:12,794 isi_control.health_monitor INFO Camera health check: ✓ ONLINE
2025-10-09 20:41:17,800 isi_control.health_monitor INFO Camera health check: Starting camera detection...
2025-10-09 20:41:17,801 isi_control.health_monitor INFO Camera health check: Found 1 total camera(s)
2025-10-09 20:41:17,801 isi_control.health_monitor INFO Camera health check: 1 camera(s) available
2025-10-09 20:41:17,801 isi_control.health_monitor INFO Camera health check: Available cameras: FaceTime HD Camera
2025-10-09 20:41:17,801 isi_control.health_monitor INFO Camera health check: ✓ ONLINE
2025-10-09 20:41:22,808 isi_control.health_monitor INFO Camera health check: Starting camera detection...
2025-10-09 20:41:22,808 isi_control.health_monitor INFO Camera health check: Found 1 total camera(s)
2025-10-09 20:41:22,809 isi_control.health_monitor INFO Camera health check: 1 camera(s) available
2025-10-09 20:41:22,809 isi_control.health_monitor INFO Camera health check: Available cameras: FaceTime HD Camera
2025-10-09 20:41:22,809 isi_control.health_monitor INFO Camera health check: ✓ ONLINE
2025-10-09 20:41:27,815 isi_control.health_monitor INFO Camera health check: Starting camera detection...
2025-10-09 20:41:27,816 isi_control.health_monitor INFO Camera health check: Found 1 total camera(s)
2025-10-09 20:41:27,816 isi_control.health_monitor INFO Camera health check: 1 camera(s) available
2025-10-09 20:41:27,816 isi_control.health_monitor INFO Camera health check: Available cameras: FaceTime HD Camera
2025-10-09 20:41:27,816 isi_control.health_monitor INFO Camera health check: ✓ ONLINE
2025-10-09 20:41:32,818 isi_control.health_monitor INFO Camera health check: Starting camera detection...
2025-10-09 20:41:32,819 isi_control.health_monitor INFO Camera health check: Found 1 total camera(s)
2025-10-09 20:41:32,819 isi_control.health_monitor INFO Camera health check: 1 camera(s) available
2025-10-09 20:41:32,819 isi_control.health_monitor INFO Camera health check: Available cameras: FaceTime HD Camera
2025-10-09 20:41:32,819 isi_control.health_monitor INFO Camera health check: ✓ ONLINE
2025-10-09 20:41:37,821 isi_control.health_monitor INFO Camera health check: Starting camera detection...
2025-10-09 20:41:37,821 isi_control.health_monitor INFO Camera health check: Found 1 total camera(s)
2025-10-09 20:41:37,821 isi_control.health_monitor INFO Camera health check: 1 camera(s) available
2025-10-09 20:41:37,821 isi_control.health_monitor INFO Camera health check: Available cameras: FaceTime HD Camera
2025-10-09 20:41:37,821 isi_control.health_monitor INFO Camera health check: ✓ ONLINE
2025-10-09 20:41:42,828 isi_control.health_monitor INFO Camera health check: Starting camera detection...
2025-10-09 20:41:42,828 isi_control.health_monitor INFO Camera health check: Found 1 total camera(s)
2025-10-09 20:41:42,828 isi_control.health_monitor INFO Camera health check: 1 camera(s) available
2025-10-09 20:41:42,829 isi_control.health_monitor INFO Camera health check: Available cameras: FaceTime HD Camera
2025-10-09 20:41:42,829 isi_control.health_monitor INFO Camera health check: ✓ ONLINE
2025-10-09 20:41:47,833 isi_control.health_monitor INFO Camera health check: Starting camera detection...
2025-10-09 20:41:47,833 isi_control.health_monitor INFO Camera health check: Found 1 total camera(s)
2025-10-09 20:41:47,833 isi_control.health_monitor INFO Camera health check: 1 camera(s) available
2025-10-09 20:41:47,834 isi_control.health_monitor INFO Camera health check: Available cameras: FaceTime HD Camera
2025-10-09 20:41:47,834 isi_control.health_monitor INFO Camera health check: ✓ ONLINE
2025-10-09 20:41:52,840 isi_control.health_monitor INFO Camera health check: Starting camera detection...
2025-10-09 20:41:52,841 isi_control.health_monitor INFO Camera health check: Found 1 total camera(s)
2025-10-09 20:41:52,841 isi_control.health_monitor INFO Camera health check: 1 camera(s) available
2025-10-09 20:41:52,841 isi_control.health_monitor INFO Camera health check: Available cameras: FaceTime HD Camera
2025-10-09 20:41:52,841 isi_control.health_monitor INFO Camera health check: ✓ ONLINE
2025-10-09 20:41:57,847 isi_control.health_monitor INFO Camera health check: Starting camera detection...
2025-10-09 20:41:57,847 isi_control.health_monitor INFO Camera health check: Found 1 total camera(s)
2025-10-09 20:41:57,847 isi_control.health_monitor INFO Camera health check: 1 camera(s) available
2025-10-09 20:41:57,847 isi_control.health_monitor INFO Camera health check: Available cameras: FaceTime HD Camera
2025-10-09 20:41:57,847 isi_control.health_monitor INFO Camera health check: ✓ ONLINE
2025-10-09 20:42:02,850 isi_control.health_monitor INFO Camera health check: Starting camera detection...
2025-10-09 20:42:02,850 isi_control.health_monitor INFO Camera health check: Found 1 total camera(s)
2025-10-09 20:42:02,850 isi_control.health_monitor INFO Camera health check: 1 camera(s) available
2025-10-09 20:42:02,850 isi_control.health_monitor INFO Camera health check: Available cameras: FaceTime HD Camera
2025-10-09 20:42:02,850 isi_control.health_monitor INFO Camera health check: ✓ ONLINE
2025-10-09 20:42:07,853 isi_control.health_monitor INFO Camera health check: Starting camera detection...
2025-10-09 20:42:07,854 isi_control.health_monitor INFO Camera health check: Found 1 total camera(s)
2025-10-09 20:42:07,854 isi_control.health_monitor INFO Camera health check: 1 camera(s) available
2025-10-09 20:42:07,854 isi_control.health_monitor INFO Camera health check: Available cameras: FaceTime HD Camera
2025-10-09 20:42:07,854 isi_control.health_monitor INFO Camera health check: ✓ ONLINE
2025-10-09 20:42:12,861 isi_control.health_monitor INFO Camera health check: Starting camera detection...
2025-10-09 20:42:12,861 isi_control.health_monitor INFO Camera health check: Found 1 total camera(s)
2025-10-09 20:42:12,861 isi_control.health_monitor INFO Camera health check: 1 camera(s) available
2025-10-09 20:42:12,861 isi_control.health_monitor INFO Camera health check: Available cameras: FaceTime HD Camera
2025-10-09 20:42:12,861 isi_control.health_monitor INFO Camera health check: ✓ ONLINE
2025-10-09 20:42:17,867 isi_control.health_monitor INFO Camera health check: Starting camera detection...
2025-10-09 20:42:17,867 isi_control.health_monitor INFO Camera health check: Found 1 total camera(s)
2025-10-09 20:42:17,867 isi_control.health_monitor INFO Camera health check: 1 camera(s) available
2025-10-09 20:42:17,867 isi_control.health_monitor INFO Camera health check: Available cameras: FaceTime HD Camera
2025-10-09 20:42:17,867 isi_control.health_monitor INFO Camera health check: ✓ ONLINE
2025-10-09 20:42:22,873 isi_control.health_monitor INFO Camera health check: Starting camera detection...
2025-10-09 20:42:22,873 isi_control.health_monitor INFO Camera health check: Found 1 total camera(s)
2025-10-09 20:42:22,873 isi_control.health_monitor INFO Camera health check: 1 camera(s) available
2025-10-09 20:42:22,873 isi_control.health_monitor INFO Camera health check: Available cameras: FaceTime HD Camera
2025-10-09 20:42:22,873 isi_control.health_monitor INFO Camera health check: ✓ ONLINE
2025-10-09 20:42:27,877 isi_control.health_monitor INFO Camera health check: Starting camera detection...
2025-10-09 20:42:27,877 isi_control.health_monitor INFO Camera health check: Found 1 total camera(s)
2025-10-09 20:42:27,877 isi_control.health_monitor INFO Camera health check: 1 camera(s) available
2025-10-09 20:42:27,877 isi_control.health_monitor INFO Camera health check: Available cameras: FaceTime HD Camera
2025-10-09 20:42:27,877 isi_control.health_monitor INFO Camera health check: ✓ ONLINE
2025-10-09 20:42:32,880 isi_control.health_monitor INFO Camera health check: Starting camera detection...
2025-10-09 20:42:32,880 isi_control.health_monitor INFO Camera health check: Found 1 total camera(s)
2025-10-09 20:42:32,880 isi_control.health_monitor INFO Camera health check: 1 camera(s) available
2025-10-09 20:42:32,880 isi_control.health_monitor INFO Camera health check: Available cameras: FaceTime HD Camera
2025-10-09 20:42:32,880 isi_control.health_monitor INFO Camera health check: ✓ ONLINE
2025-10-09 20:42:37,882 isi_control.health_monitor INFO Camera health check: Starting camera detection...
2025-10-09 20:42:37,882 isi_control.health_monitor INFO Camera health check: Found 1 total camera(s)
2025-10-09 20:42:37,883 isi_control.health_monitor INFO Camera health check: 1 camera(s) available
2025-10-09 20:42:37,883 isi_control.health_monitor INFO Camera health check: Available cameras: FaceTime HD Camera
2025-10-09 20:42:37,883 isi_control.health_monitor INFO Camera health check: ✓ ONLINE
2025-10-09 20:42:42,887 isi_control.health_monitor INFO Camera health check: Starting camera detection...
2025-10-09 20:42:42,887 isi_control.health_monitor INFO Camera health check: Found 1 total camera(s)
2025-10-09 20:42:42,887 isi_control.health_monitor INFO Camera health check: 1 camera(s) available
2025-10-09 20:42:42,887 isi_control.health_monitor INFO Camera health check: Available cameras: FaceTime HD Camera
2025-10-09 20:42:42,887 isi_control.health_monitor INFO Camera health check: ✓ ONLINE
2025-10-09 20:42:47,893 isi_control.health_monitor INFO Camera health check: Starting camera detection...
2025-10-09 20:42:47,893 isi_control.health_monitor INFO Camera health check: Found 1 total camera(s)
2025-10-09 20:42:47,894 isi_control.health_monitor INFO Camera health check: 1 camera(s) available
2025-10-09 20:42:47,894 isi_control.health_monitor INFO Camera health check: Available cameras: FaceTime HD Camera
2025-10-09 20:42:47,894 isi_control.health_monitor INFO Camera health check: ✓ ONLINE
2025-10-09 20:42:52,897 isi_control.health_monitor INFO Camera health check: Starting camera detection...
2025-10-09 20:42:52,897 isi_control.health_monitor INFO Camera health check: Found 1 total camera(s)
2025-10-09 20:42:52,897 isi_control.health_monitor INFO Camera health check: 1 camera(s) available
2025-10-09 20:42:52,897 isi_control.health_monitor INFO Camera health check: Available cameras: FaceTime HD Camera
2025-10-09 20:42:52,897 isi_control.health_monitor INFO Camera health check: ✓ ONLINE
2025-10-09 20:42:57,906 isi_control.health_monitor INFO Camera health check: Starting camera detection...
2025-10-09 20:42:57,906 isi_control.health_monitor INFO Camera health check: Found 1 total camera(s)
2025-10-09 20:42:57,906 isi_control.health_monitor INFO Camera health check: 1 camera(s) available
2025-10-09 20:42:57,906 isi_control.health_monitor INFO Camera health check: Available cameras: FaceTime HD Camera
2025-10-09 20:42:57,906 isi_control.health_monitor INFO Camera health check: ✓ ONLINE
2025-10-09 20:43:02,911 isi_control.health_monitor INFO Camera health check: Starting camera detection...
2025-10-09 20:43:02,911 isi_control.health_monitor INFO Camera health check: Found 1 total camera(s)
2025-10-09 20:43:02,911 isi_control.health_monitor INFO Camera health check: 1 camera(s) available
2025-10-09 20:43:02,911 isi_control.health_monitor INFO Camera health check: Available cameras: FaceTime HD Camera
2025-10-09 20:43:02,911 isi_control.health_monitor INFO Camera health check: ✓ ONLINE
2025-10-09 20:43:07,913 isi_control.health_monitor INFO Camera health check: Starting camera detection...
2025-10-09 20:43:07,913 isi_control.health_monitor INFO Camera health check: Found 1 total camera(s)
2025-10-09 20:43:07,913 isi_control.health_monitor INFO Camera health check: 1 camera(s) available
2025-10-09 20:43:07,913 isi_control.health_monitor INFO Camera health check: Available cameras: FaceTime HD Camera
2025-10-09 20:43:07,913 isi_control.health_monitor INFO Camera health check: ✓ ONLINE
2025-10-09 20:43:12,919 isi_control.health_monitor INFO Camera health check: Starting camera detection...
2025-10-09 20:43:12,919 isi_control.health_monitor INFO Camera health check: Found 1 total camera(s)
2025-10-09 20:43:12,919 isi_control.health_monitor INFO Camera health check: 1 camera(s) available
2025-10-09 20:43:12,919 isi_control.health_monitor INFO Camera health check: Available cameras: FaceTime HD Camera
2025-10-09 20:43:12,919 isi_control.health_monitor INFO Camera health check: ✓ ONLINE
2025-10-09 20:43:17,920 isi_control.health_monitor INFO Camera health check: Starting camera detection...
2025-10-09 20:43:17,921 isi_control.health_monitor INFO Camera health check: Found 1 total camera(s)
2025-10-09 20:43:17,921 isi_control.health_monitor INFO Camera health check: 1 camera(s) available
2025-10-09 20:43:17,921 isi_control.health_monitor INFO Camera health check: Available cameras: FaceTime HD Camera
2025-10-09 20:43:17,921 isi_control.health_monitor INFO Camera health check: ✓ ONLINE
2025-10-09 20:43:22,927 isi_control.health_monitor INFO Camera health check: Starting camera detection...
2025-10-09 20:43:22,927 isi_control.health_monitor INFO Camera health check: Found 1 total camera(s)
2025-10-09 20:43:22,927 isi_control.health_monitor INFO Camera health check: 1 camera(s) available
2025-10-09 20:43:22,927 isi_control.health_monitor INFO Camera health check: Available cameras: FaceTime HD Camera
2025-10-09 20:43:22,927 isi_control.health_monitor INFO Camera health check: ✓ ONLINE
2025-10-09 20:43:27,932 isi_control.health_monitor INFO Camera health check: Starting camera detection...
2025-10-09 20:43:27,933 isi_control.health_monitor INFO Camera health check: Found 1 total camera(s)
2025-10-09 20:43:27,933 isi_control.health_monitor INFO Camera health check: 1 camera(s) available
2025-10-09 20:43:27,933 isi_control.health_monitor INFO Camera health check: Available cameras: FaceTime HD Camera
2025-10-09 20:43:27,933 isi_control.health_monitor INFO Camera health check: ✓ ONLINE
2025-10-09 20:43:32,937 isi_control.health_monitor INFO Camera health check: Starting camera detection...
2025-10-09 20:43:32,938 isi_control.health_monitor INFO Camera health check: Found 1 total camera(s)
2025-10-09 20:43:32,938 isi_control.health_monitor INFO Camera health check: 1 camera(s) available
2025-10-09 20:43:32,938 isi_control.health_monitor INFO Camera health check: Available cameras: FaceTime HD Camera
2025-10-09 20:43:32,938 isi_control.health_monitor INFO Camera health check: ✓ ONLINE
2025-10-09 20:43:37,944 isi_control.health_monitor INFO Camera health check: Starting camera detection...
2025-10-09 20:43:37,944 isi_control.health_monitor INFO Camera health check: Found 1 total camera(s)
2025-10-09 20:43:37,944 isi_control.health_monitor INFO Camera health check: 1 camera(s) available
2025-10-09 20:43:37,944 isi_control.health_monitor INFO Camera health check: Available cameras: FaceTime HD Camera
2025-10-09 20:43:37,944 isi_control.health_monitor INFO Camera health check: ✓ ONLINE
2025-10-09 20:43:42,947 isi_control.health_monitor INFO Camera health check: Starting camera detection...
2025-10-09 20:43:42,947 isi_control.health_monitor INFO Camera health check: Found 1 total camera(s)
2025-10-09 20:43:42,948 isi_control.health_monitor INFO Camera health check: 1 camera(s) available
2025-10-09 20:43:42,948 isi_control.health_monitor INFO Camera health check: Available cameras: FaceTime HD Camera
2025-10-09 20:43:42,948 isi_control.health_monitor INFO Camera health check: ✓ ONLINE
2025-10-09 20:43:47,952 isi_control.health_monitor INFO Camera health check: Starting camera detection...
2025-10-09 20:43:47,952 isi_control.health_monitor INFO Camera health check: Found 1 total camera(s)
2025-10-09 20:43:47,952 isi_control.health_monitor INFO Camera health check: 1 camera(s) available
2025-10-09 20:43:47,952 isi_control.health_monitor INFO Camera health check: Available cameras: FaceTime HD Camera
2025-10-09 20:43:47,958 isi_control.health_monitor INFO Camera health check: ✓ ONLINE
2025-10-09 20:43:52,963 isi_control.health_monitor INFO Camera health check: Starting camera detection...
2025-10-09 20:43:52,963 isi_control.health_monitor INFO Camera health check: Found 1 total camera(s)
2025-10-09 20:43:52,964 isi_control.health_monitor INFO Camera health check: 1 camera(s) available
2025-10-09 20:43:52,964 isi_control.health_monitor INFO Camera health check: Available cameras: FaceTime HD Camera
2025-10-09 20:43:52,964 isi_control.health_monitor INFO Camera health check: ✓ ONLINE
2025-10-09 20:43:57,967 isi_control.health_monitor INFO Camera health check: Starting camera detection...
2025-10-09 20:43:57,967 isi_control.health_monitor INFO Camera health check: Found 1 total camera(s)
2025-10-09 20:43:57,967 isi_control.health_monitor INFO Camera health check: 1 camera(s) available
2025-10-09 20:43:57,967 isi_control.health_monitor INFO Camera health check: Available cameras: FaceTime HD Camera
2025-10-09 20:43:57,967 isi_control.health_monitor INFO Camera health check: ✓ ONLINE
2025-10-09 20:44:02,972 isi_control.health_monitor INFO Camera health check: Starting camera detection...
2025-10-09 20:44:02,972 isi_control.health_monitor INFO Camera health check: Found 1 total camera(s)
2025-10-09 20:44:02,972 isi_control.health_monitor INFO Camera health check: 1 camera(s) available
2025-10-09 20:44:02,972 isi_control.health_monitor INFO Camera health check: Available cameras: FaceTime HD Camera
2025-10-09 20:44:02,972 isi_control.health_monitor INFO Camera health check: ✓ ONLINE
2025-10-09 20:44:07,977 isi_control.health_monitor INFO Camera health check: Starting camera detection...
2025-10-09 20:44:07,978 isi_control.health_monitor INFO Camera health check: Found 1 total camera(s)
2025-10-09 20:44:07,978 isi_control.health_monitor INFO Camera health check: 1 camera(s) available
2025-10-09 20:44:07,978 isi_control.health_monitor INFO Camera health check: Available cameras: FaceTime HD Camera
2025-10-09 20:44:07,978 isi_control.health_monitor INFO Camera health check: ✓ ONLINE
2025-10-09 20:44:12,983 isi_control.health_monitor INFO Camera health check: Starting camera detection...
2025-10-09 20:44:12,983 isi_control.health_monitor INFO Camera health check: Found 1 total camera(s)
2025-10-09 20:44:12,983 isi_control.health_monitor INFO Camera health check: 1 camera(s) available
2025-10-09 20:44:12,983 isi_control.health_monitor INFO Camera health check: Available cameras: FaceTime HD Camera
2025-10-09 20:44:12,983 isi_control.health_monitor INFO Camera health check: ✓ ONLINE
2025-10-09 20:44:17,988 isi_control.health_monitor INFO Camera health check: Starting camera detection...
2025-10-09 20:44:17,988 isi_control.health_monitor INFO Camera health check: Found 1 total camera(s)
2025-10-09 20:44:17,988 isi_control.health_monitor INFO Camera health check: 1 camera(s) available
2025-10-09 20:44:17,988 isi_control.health_monitor INFO Camera health check: Available cameras: FaceTime HD Camera
2025-10-09 20:44:17,988 isi_control.health_monitor INFO Camera health check: ✓ ONLINE
2025-10-09 20:44:22,993 isi_control.health_monitor INFO Camera health check: Starting camera detection...
2025-10-09 20:44:22,994 isi_control.health_monitor INFO Camera health check: Found 1 total camera(s)
2025-10-09 20:44:22,994 isi_control.health_monitor INFO Camera health check: 1 camera(s) available
2025-10-09 20:44:22,994 isi_control.health_monitor INFO Camera health check: Available cameras: FaceTime HD Camera
2025-10-09 20:44:22,994 isi_control.health_monitor INFO Camera health check: ✓ ONLINE
2025-10-09 20:44:27,997 isi_control.health_monitor INFO Camera health check: Starting camera detection...
2025-10-09 20:44:27,998 isi_control.health_monitor INFO Camera health check: Found 1 total camera(s)
2025-10-09 20:44:27,998 isi_control.health_monitor INFO Camera health check: 1 camera(s) available
2025-10-09 20:44:27,998 isi_control.health_monitor INFO Camera health check: Available cameras: FaceTime HD Camera
2025-10-09 20:44:27,998 isi_control.health_monitor INFO Camera health check: ✓ ONLINE
2025-10-09 20:44:33,002 isi_control.health_monitor INFO Camera health check: Starting camera detection...
2025-10-09 20:44:33,002 isi_control.health_monitor INFO Camera health check: Found 1 total camera(s)
2025-10-09 20:44:33,002 isi_control.health_monitor INFO Camera health check: 1 camera(s) available
2025-10-09 20:44:33,002 isi_control.health_monitor INFO Camera health check: Available cameras: FaceTime HD Camera
2025-10-09 20:44:33,002 isi_control.health_monitor INFO Camera health check: ✓ ONLINE
2025-10-09 20:44:38,005 isi_control.health_monitor INFO Camera health check: Starting camera detection...
2025-10-09 20:44:38,005 isi_control.health_monitor INFO Camera health check: Found 1 total camera(s)
2025-10-09 20:44:38,005 isi_control.health_monitor INFO Camera health check: 1 camera(s) available
2025-10-09 20:44:38,005 isi_control.health_monitor INFO Camera health check: Available cameras: FaceTime HD Camera
2025-10-09 20:44:38,005 isi_control.health_monitor INFO Camera health check: ✓ ONLINE
2025-10-09 20:44:43,010 isi_control.health_monitor INFO Camera health check: Starting camera detection...
2025-10-09 20:44:43,010 isi_control.health_monitor INFO Camera health check: Found 1 total camera(s)
2025-10-09 20:44:43,010 isi_control.health_monitor INFO Camera health check: 1 camera(s) available
2025-10-09 20:44:43,010 isi_control.health_monitor INFO Camera health check: Available cameras: FaceTime HD Camera
2025-10-09 20:44:43,010 isi_control.health_monitor INFO Camera health check: ✓ ONLINE
2025-10-09 20:44:48,015 isi_control.health_monitor INFO Camera health check: Starting camera detection...
2025-10-09 20:44:48,015 isi_control.health_monitor INFO Camera health check: Found 1 total camera(s)
2025-10-09 20:44:48,015 isi_control.health_monitor INFO Camera health check: 1 camera(s) available
2025-10-09 20:44:48,015 isi_control.health_monitor INFO Camera health check: Available cameras: FaceTime HD Camera
2025-10-09 20:44:48,015 isi_control.health_monitor INFO Camera health check: ✓ ONLINE
2025-10-09 20:44:53,021 isi_control.health_monitor INFO Camera health check: Starting camera detection...
2025-10-09 20:44:53,021 isi_control.health_monitor INFO Camera health check: Found 1 total camera(s)
2025-10-09 20:44:53,021 isi_control.health_monitor INFO Camera health check: 1 camera(s) available
2025-10-09 20:44:53,021 isi_control.health_monitor INFO Camera health check: Available cameras: FaceTime HD Camera
2025-10-09 20:44:53,022 isi_control.health_monitor INFO Camera health check: ✓ ONLINE
2025-10-09 20:44:58,027 isi_control.health_monitor INFO Camera health check: Starting camera detection...
2025-10-09 20:44:58,027 isi_control.health_monitor INFO Camera health check: Found 1 total camera(s)
2025-10-09 20:44:58,027 isi_control.health_monitor INFO Camera health check: 1 camera(s) available
2025-10-09 20:44:58,027 isi_control.health_monitor INFO Camera health check: Available cameras: FaceTime HD Camera
2025-10-09 20:44:58,027 isi_control.health_monitor INFO Camera health check: ✓ ONLINE
2025-10-09 20:45:03,032 isi_control.health_monitor INFO Camera health check: Starting camera detection...
2025-10-09 20:45:03,034 isi_control.health_monitor INFO Camera health check: Found 1 total camera(s)
2025-10-09 20:45:03,034 isi_control.health_monitor INFO Camera health check: 1 camera(s) available
2025-10-09 20:45:03,034 isi_control.health_monitor INFO Camera health check: Available cameras: FaceTime HD Camera
2025-10-09 20:45:03,034 isi_control.health_monitor INFO Camera health check: ✓ ONLINE
2025-10-09 20:45:08,036 isi_control.health_monitor INFO Camera health check: Starting camera detection...
2025-10-09 20:45:08,036 isi_control.health_monitor INFO Camera health check: Found 1 total camera(s)
2025-10-09 20:45:08,036 isi_control.health_monitor INFO Camera health check: 1 camera(s) available
2025-10-09 20:45:08,036 isi_control.health_monitor INFO Camera health check: Available cameras: FaceTime HD Camera
2025-10-09 20:45:08,036 isi_control.health_monitor INFO Camera health check: ✓ ONLINE
2025-10-09 20:45:13,038 isi_control.health_monitor INFO Camera health check: Starting camera detection...
2025-10-09 20:45:13,039 isi_control.health_monitor INFO Camera health check: Found 1 total camera(s)
2025-10-09 20:45:13,039 isi_control.health_monitor INFO Camera health check: 1 camera(s) available
2025-10-09 20:45:13,039 isi_control.health_monitor INFO Camera health check: Available cameras: FaceTime HD Camera
2025-10-09 20:45:13,039 isi_control.health_monitor INFO Camera health check: ✓ ONLINE
2025-10-09 20:45:18,040 isi_control.health_monitor INFO Camera health check: Starting camera detection...
2025-10-09 20:45:18,040 isi_control.health_monitor INFO Camera health check: Found 1 total camera(s)
2025-10-09 20:45:18,040 isi_control.health_monitor INFO Camera health check: 1 camera(s) available
2025-10-09 20:45:18,040 isi_control.health_monitor INFO Camera health check: Available cameras: FaceTime HD Camera
2025-10-09 20:45:18,040 isi_control.health_monitor INFO Camera health check: ✓ ONLINE
2025-10-09 20:45:23,042 isi_control.health_monitor INFO Camera health check: Starting camera detection...
2025-10-09 20:45:23,042 isi_control.health_monitor INFO Camera health check: Found 1 total camera(s)
2025-10-09 20:45:23,042 isi_control.health_monitor INFO Camera health check: 1 camera(s) available
2025-10-09 20:45:23,042 isi_control.health_monitor INFO Camera health check: Available cameras: FaceTime HD Camera
2025-10-09 20:45:23,042 isi_control.health_monitor INFO Camera health check: ✓ ONLINE
2025-10-09 20:45:28,047 isi_control.health_monitor INFO Camera health check: Starting camera detection...
2025-10-09 20:45:28,047 isi_control.health_monitor INFO Camera health check: Found 1 total camera(s)
2025-10-09 20:45:28,047 isi_control.health_monitor INFO Camera health check: 1 camera(s) available
2025-10-09 20:45:28,047 isi_control.health_monitor INFO Camera health check: Available cameras: FaceTime HD Camera
2025-10-09 20:45:28,047 isi_control.health_monitor INFO Camera health check: ✓ ONLINE
2025-10-09 20:45:33,053 isi_control.health_monitor INFO Camera health check: Starting camera detection...
2025-10-09 20:45:33,053 isi_control.health_monitor INFO Camera health check: Found 1 total camera(s)
2025-10-09 20:45:33,053 isi_control.health_monitor INFO Camera health check: 1 camera(s) available
2025-10-09 20:45:33,053 isi_control.health_monitor INFO Camera health check: Available cameras: FaceTime HD Camera
2025-10-09 20:45:33,054 isi_control.health_monitor INFO Camera health check: ✓ ONLINE
2025-10-09 20:45:38,059 isi_control.health_monitor INFO Camera health check: Starting camera detection...
2025-10-09 20:45:38,059 isi_control.health_monitor INFO Camera health check: Found 1 total camera(s)
2025-10-09 20:45:38,059 isi_control.health_monitor INFO Camera health check: 1 camera(s) available
2025-10-09 20:45:38,059 isi_control.health_monitor INFO Camera health check: Available cameras: FaceTime HD Camera
2025-10-09 20:45:38,059 isi_control.health_monitor INFO Camera health check: ✓ ONLINE
2025-10-09 20:45:43,064 isi_control.health_monitor INFO Camera health check: Starting camera detection...
2025-10-09 20:45:43,064 isi_control.health_monitor INFO Camera health check: Found 1 total camera(s)
2025-10-09 20:45:43,064 isi_control.health_monitor INFO Camera health check: 1 camera(s) available
2025-10-09 20:45:43,064 isi_control.health_monitor INFO Camera health check: Available cameras: FaceTime HD Camera
2025-10-09 20:45:43,064 isi_control.health_monitor INFO Camera health check: ✓ ONLINE
2025-10-09 20:45:48,068 isi_control.health_monitor INFO Camera health check: Starting camera detection...
2025-10-09 20:45:48,068 isi_control.health_monitor INFO Camera health check: Found 1 total camera(s)
2025-10-09 20:45:48,068 isi_control.health_monitor INFO Camera health check: 1 camera(s) available
2025-10-09 20:45:48,068 isi_control.health_monitor INFO Camera health check: Available cameras: FaceTime HD Camera
2025-10-09 20:45:48,068 isi_control.health_monitor INFO Camera health check: ✓ ONLINE
2025-10-09 20:45:53,073 isi_control.health_monitor INFO Camera health check: Starting camera detection...
2025-10-09 20:45:53,074 isi_control.health_monitor INFO Camera health check: Found 1 total camera(s)
2025-10-09 20:45:53,074 isi_control.health_monitor INFO Camera health check: 1 camera(s) available
2025-10-09 20:45:53,074 isi_control.health_monitor INFO Camera health check: Available cameras: FaceTime HD Camera
2025-10-09 20:45:53,074 isi_control.health_monitor INFO Camera health check: ✓ ONLINE
2025-10-09 20:45:58,077 isi_control.health_monitor INFO Camera health check: Starting camera detection...
2025-10-09 20:45:58,078 isi_control.health_monitor INFO Camera health check: Found 1 total camera(s)
2025-10-09 20:45:58,078 isi_control.health_monitor INFO Camera health check: 1 camera(s) available
2025-10-09 20:45:58,078 isi_control.health_monitor INFO Camera health check: Available cameras: FaceTime HD Camera
2025-10-09 20:45:58,078 isi_control.health_monitor INFO Camera health check: ✓ ONLINE
2025-10-09 20:46:03,082 isi_control.health_monitor INFO Camera health check: Starting camera detection...
2025-10-09 20:46:03,082 isi_control.health_monitor INFO Camera health check: Found 1 total camera(s)
2025-10-09 20:46:03,082 isi_control.health_monitor INFO Camera health check: 1 camera(s) available
2025-10-09 20:46:03,082 isi_control.health_monitor INFO Camera health check: Available cameras: FaceTime HD Camera
2025-10-09 20:46:03,083 isi_control.health_monitor INFO Camera health check: ✓ ONLINE
